[0;36m🧟 C-Suite Blockchain with Zombienet - Full Integration[0m
========================================================

[0;34m✅ Agent Registry & Consensus Log Pallets Active[0m
[0;34m✅ 13 C-Suite Agents Pre-registered[0m
[0;34m✅ Custom RPC Endpoints Available[0m
[1;33m✅ Relay Chain + Parachain Automated Setup[0m

[0;32m🚀 Launching C-Suite blockchain with full build.md integration...[0m
[1;33m📋 This will start:[0m
  • Relay chain with 2 validators (Alice, Bob)
  • C-Suite parachain with agent pallets
  • All 13 agents pre-registered and ready
  • Custom RPC endpoints active

[0;36m🎬 Starting C-Suite blockchain network...[0m
[90m╔════════════════════[39m[90m╤════════════════════════════════════════════════════════════════════════════════════════════════════╗[39m
[90m║[39m[31m [32m🧟 Zombienet 🧟[0m    [39m[90m│[39m[31m [32mInitiation[0m                                                                                         [39m[90m║[39m
[90m╟────────────────────[39m[90m┼────────────────────────────────────────────────────────────────────────────────────────────────────╢[39m
[90m║[39m [32mProvider[0m           [90m│[39m [34mnative[0m                                                                                             [90m║[39m
[90m╟────────────────────[39m[90m┼────────────────────────────────────────────────────────────────────────────────────────────────────╢[39m
[90m║[39m [32mNamespace[0m          [90m│[39m zombie-e294f67d22385b334c072cfac215931e                                                            [90m║[39m
[90m╟────────────────────[39m[90m┼────────────────────────────────────────────────────────────────────────────────────────────────────╢[39m
[90m║[39m [32mTemp Dir[0m           [90m│[39m /var/folders/17/pvb5dmmj645bqr5gv8_f_6780000gn/T/zombie-e294f67d22385b334c072cfac215931e_-68801-d… [90m║[39m
[90m╚════════════════════[39m[90m╧════════════════════════════════════════════════════════════════════════════════════════════════════╝[39m
[90m┌─────────────────────────[39m[90m┬────────────────────────────────────────────────────────────────────────────────────────────────────┐[39m
[90m│[39m [36mPod[0m                     [90m│[39m [32mtemp[0m                                                                                               [90m│[39m
[90m├─────────────────────────[39m[90m┼────────────────────────────────────────────────────────────────────────────────────────────────────┤[39m
[90m│[39m [36mStatus[0m                  [90m│[39m [32mLaunching[0m                                                                                          [90m│[39m
[90m├─────────────────────────[39m[90m┼────────────────────────────────────────────────────────────────────────────────────────────────────┤[39m
[90m│[39m [36mCommand[0m                 [90m│[39m [37mbash -c polkadot build-spec --chain rococo-local --disable-default-bootnode > /var/fo[39m              [90m│[39m
[90m│[39m                         [90m│[39m [37mlders/17/pvb5dmmj645bqr5gv8_f_6780000gn/T/zombie-e294f67d22385b334c072cfac215931e_-68801-d[39m         [90m│[39m
[90m│[39m                         [90m│[39m [37mahC78N2PsJ7/cfg/rococo-local-plain.json[0m                                                            [90m│[39m
[90m└─────────────────────────[39m[90m┴────────────────────────────────────────────────────────────────────────────────────────────────────┘[39m
[90m┌────────────────────────────────────────[39m[90m┬────────────────────────────────────────────────────────────────────────────────┐[39m
[90m│[39m [36mPod[0m                                    [90m│[39m [32mtemp[0m                                                                           [90m│[39m
[90m├────────────────────────────────────────[39m[90m┼────────────────────────────────────────────────────────────────────────────────┤[39m
[90m│[39m [36mStatus[0m                                 [90m│[39m [32mReady[0m                                                                          [90m│[39m
[90m└────────────────────────────────────────[39m[90m┴────────────────────────────────────────────────────────────────────────────────┘[39m
[90m┌─────────────────────────[39m[90m┬────────────────────────────────────────────────────────────────────────────────────────────────────┐[39m
[90m│[39m [36mPod[0m                     [90m│[39m [32mtemp-1[0m                                                                                             [90m│[39m
[90m├─────────────────────────[39m[90m┼────────────────────────────────────────────────────────────────────────────────────────────────────┤[39m
[90m│[39m [36mStatus[0m                  [90m│[39m [32mLaunching[0m                                                                                          [90m│[39m
[90m├─────────────────────────[39m[90m┼────────────────────────────────────────────────────────────────────────────────────────────────────┤[39m
[90m│[39m [36mCommand[0m                 [90m│[39m [37mbash -c parachain-template-node build-spec  --disable-default-bootnode > /var/folders[39m              [90m│[39m
[90m│[39m                         [90m│[39m [37m/17/pvb5dmmj645bqr5gv8_f_6780000gn/T/zombie-e294f67d22385b334c072cfac215931e_-68801-dahC78[39m         [90m│[39m
[90m│[39m                         [90m│[39m [37mN2PsJ7/cfg/undefined-plain.json[0m                                                                    [90m│[39m
[90m└─────────────────────────[39m[90m┴────────────────────────────────────────────────────────────────────────────────────────────────────┘[39m
[90m┌────────────────────────────────────────[39m[90m┬────────────────────────────────────────────────────────────────────────────────┐[39m
[90m│[39m [36mPod[0m                                    [90m│[39m [32mtemp-1[0m                                                                         [90m│[39m
[90m├────────────────────────────────────────[39m[90m┼────────────────────────────────────────────────────────────────────────────────┤[39m
[90m│[39m [36mStatus[0m                                 [90m│[39m [32mReady[0m                                                                          [90m│[39m
[90m└────────────────────────────────────────[39m[90m┴────────────────────────────────────────────────────────────────────────────────┘[39m
[90m┌────────────────────────────────────────────────────────────────────────────────────────────────────────────────────────┐[39m
[90m│[39m [32m🧹 Starting with a fresh authority set...[0m                                                                              [90m│[39m
[90m└────────────────────────────────────────────────────────────────────────────────────────────────────────────────────────┘[39m
[90m┌──────────────────────────────[39m[90m┬────────────────────[39m[90m┬──────────────────────────────────────────────────────────────────────┐[39m
[90m│[39m [36m👤 Added Genesis Authority[0m   [90m│[39m [32mcollator01[0m         [90m│[39m [35m5EKrBmFNpX3iFyMbr3RRzN92SLK1K7fkrQxNHpjHnFABHC4F[0m                     [90m│[39m
[90m└──────────────────────────────[39m[90m┴────────────────────[39m[90m┴──────────────────────────────────────────────────────────────────────┘[39m
[90m┌──────────────────────────────[39m[90m┬────────────────────[39m[90m┬──────────────────────────────────────────────────────────────────────┐[39m
[90m│[39m [36m👤 Added CollatorSelection [0m  [90m│[39m [32mcollator01[0m         [90m│[39m [35m5Fqdv43Ce4VWNmks2mMdMbyWi7oCeFvMairi9kr9ViEyFyB7[0m                     [90m│[39m
[90m└──────────────────────────────[39m[90m┴────────────────────[39m[90m┴──────────────────────────────────────────────────────────────────────┘[39m
[90m┌─────────────────────────[39m[90m┬────────────────────────────────────────────────────────────────────────────────────────────────────┐[39m
[90m│[39m [36mPod[0m                     [90m│[39m [32mtemp-2[0m                                                                                             [90m│[39m
[90m├─────────────────────────[39m[90m┼────────────────────────────────────────────────────────────────────────────────────────────────────┤[39m
[90m│[39m [36mStatus[0m                  [90m│[39m [32mLaunching[0m                                                                                          [90m│[39m
[90m├─────────────────────────[39m[90m┼────────────────────────────────────────────────────────────────────────────────────────────────────┤[39m
[90m│[39m [36mCommand[0m                 [90m│[39m [37mbash -c parachain-template-node build-spec  --disable-default-bootnode --chain /var/f[39m              [90m│[39m
[90m│[39m                         [90m│[39m [37molders/17/pvb5dmmj645bqr5gv8_f_6780000gn/T/zombie-e294f67d22385b334c072cfac215931e_-68801-[39m         [90m│[39m
[90m│[39m                         [90m│[39m [37mdahC78N2PsJ7/1000-rococo-local-plain.json  --raw > /var/folders/17/pvb5dmmj645bqr5gv8_f_67[39m         [90m│[39m
[90m│[39m                         [90m│[39m [37m80000gn/T/zombie-e294f67d22385b334c072cfac215931e_-68801-dahC78N2PsJ7/1000-rococo-local-ra[39m         [90m│[39m
[90m│[39m                         [90m│[39m [37mw.json[0m                                                                                             [90m│[39m
[90m└─────────────────────────[39m[90m┴────────────────────────────────────────────────────────────────────────────────────────────────────┘[39m
[90m┌────────────────────────────────────────[39m[90m┬────────────────────────────────────────────────────────────────────────────────┐[39m
[90m│[39m [36mPod[0m                                    [90m│[39m [32mtemp-2[0m                                                                         [90m│[39m
[90m├────────────────────────────────────────[39m[90m┼────────────────────────────────────────────────────────────────────────────────┤[39m
[90m│[39m [36mStatus[0m                                 [90m│[39m [32mReady[0m                                                                          [90m│[39m
[90m└────────────────────────────────────────[39m[90m┴────────────────────────────────────────────────────────────────────────────────┘[39m
[90m┌─────────────────────────[39m[90m┬────────────────────────────────────────────────────────────────────────────────────────────────────┐[39m
[90m│[39m [36mPod[0m                     [90m│[39m [32mtemp-collator[0m                                                                                      [90m│[39m
[90m├─────────────────────────[39m[90m┼────────────────────────────────────────────────────────────────────────────────────────────────────┤[39m
[90m│[39m [36mStatus[0m                  [90m│[39m [32mLaunching[0m                                                                                          [90m│[39m
[90m├─────────────────────────[39m[90m┼────────────────────────────────────────────────────────────────────────────────────────────────────┤[39m
[90m│[39m [36mCommand[0m                 [90m│[39m [37mbash -c parachain-template-node export-genesis-head -d /var/folders/17/pvb5dmmj645bqr[39m              [90m│[39m
[90m│[39m                         [90m│[39m [37m5gv8_f_6780000gn/T/zombie-e294f67d22385b334c072cfac215931e_-68801-dahC78N2PsJ7/export-gene[39m         [90m│[39m
[90m│[39m                         [90m│[39m [37msis-state/1000 --chain /var/folders/17/pvb5dmmj645bqr5gv8_f_6780000gn/T/zombie-e294f67d223[39m         [90m│[39m
[90m│[39m                         [90m│[39m [37m85b334c072cfac215931e_-68801-dahC78N2PsJ7/1000-rococo-local.json /var/folders/17/pvb5dmmj6[39m         [90m│[39m
[90m│[39m                         [90m│[39m [37m45bqr5gv8_f_6780000gn/T/zombie-e294f67d22385b334c072cfac215931e_-68801-dahC78N2PsJ7/cfg/ge[39m         [90m│[39m
[90m│[39m                         [90m│[39m [37mnesis-state-1000 && parachain-template-node export-genesis-wasm --chain /var/folders/17/pv[39m         [90m│[39m
[90m│[39m                         [90m│[39m [37mb5dmmj645bqr5gv8_f_6780000gn/T/zombie-e294f67d22385b334c072cfac215931e_-68801-dahC78N2PsJ7[39m         [90m│[39m
[90m│[39m                         [90m│[39m [37m/1000-rococo-local.json /var/folders/17/pvb5dmmj645bqr5gv8_f_6780000gn/T/zombie-e294f67d22[39m         [90m│[39m
[90m│[39m                         [90m│[39m [37m385b334c072cfac215931e_-68801-dahC78N2PsJ7/cfg/genesis-wasm-1000[0m                                   [90m│[39m
[90m└─────────────────────────[39m[90m┴────────────────────────────────────────────────────────────────────────────────────────────────────┘[39m
[90m┌────────────────────────────────────────[39m[90m┬────────────────────────────────────────────────────────────────────────────────┐[39m
[90m│[39m [36mPod[0m                                    [90m│[39m [32mtemp-collator[0m                                                                  [90m│[39m
[90m├────────────────────────────────────────[39m[90m┼────────────────────────────────────────────────────────────────────────────────┤[39m
[90m│[39m [36mStatus[0m                                 [90m│[39m [32mReady[0m                                                                          [90m│[39m
[90m└────────────────────────────────────────[39m[90m┴────────────────────────────────────────────────────────────────────────────────┘[39m
[90m╔════════════════════════════════════════════════════════════════════════════════════════════════════════════════════════╗[39m
[90m║[39m [32m✓ Added Genesis Parachain[0m 1000                                                                                         [90m║[39m
[90m╚════════════════════════════════════════════════════════════════════════════════════════════════════════════════════════╝[39m
[90m┌────────────────────────────────────────────────────────────────────────────────────────────────────────────────────────┐[39m
[90m│[39m [32m🧹 Starting with a fresh authority set...[0m                                                                              [90m│[39m
[90m└────────────────────────────────────────────────────────────────────────────────────────────────────────────────────────┘[39m
[90m╔════════════════════════════════════════════════════════════════════════════════════════════════════════════════════════╗[39m
[90m║[39m 👤 Added Balance 2000000000000 for [32malice[0m - [35m5GNJqTPyNqANBkUVMN1LPPrxXnFouWXoe2wNSmmEoLctxiZY[0m                            [90m║[39m
[90m╚════════════════════════════════════════════════════════════════════════════════════════════════════════════════════════╝[39m
[90m╔════════════════════════════════════════════════════════════════════════════════════════════════════════════════════════╗[39m
[90m║[39m 👤 Added Balance 2000000000000 for [32mbob[0m - [35m5HpG9w8EBLe5XCrbczpwq5TSXvedjrBGCwqxK1iQ7qUsSWFc[0m                              [90m║[39m
[90m╚════════════════════════════════════════════════════════════════════════════════════════════════════════════════════════╝[39m
[90m┌──────────────────────────────[39m[90m┬────────────────────[39m[90m┬──────────────────────────────────────────────────────────────────────┐[39m
[90m│[39m [36m👤 Added Genesis Authority[0m   [90m│[39m [32malice[0m              [90m│[39m [35m5GNJqTPyNqANBkUVMN1LPPrxXnFouWXoe2wNSmmEoLctxiZY[0m                     [90m│[39m
[90m└──────────────────────────────[39m[90m┴────────────────────[39m[90m┴──────────────────────────────────────────────────────────────────────┘[39m
[90m┌──────────────────────────────[39m[90m┬────────────────────[39m[90m┬──────────────────────────────────────────────────────────────────────┐[39m
[90m│[39m [36m👤 Added Genesis Authority[0m   [90m│[39m [32mbob[0m                [90m│[39m [35m5HpG9w8EBLe5XCrbczpwq5TSXvedjrBGCwqxK1iQ7qUsSWFc[0m                     [90m│[39m
[90m└──────────────────────────────[39m[90m┴────────────────────[39m[90m┴──────────────────────────────────────────────────────────────────────┘[39m
[90m┌─────────────────────────[39m[90m┬────────────────────────────────────────────────────────────────────────────────────────────────────┐[39m
[90m│[39m [36mPod[0m                     [90m│[39m [32mtemp-3[0m                                                                                             [90m│[39m
[90m├─────────────────────────[39m[90m┼────────────────────────────────────────────────────────────────────────────────────────────────────┤[39m
[90m│[39m [36mStatus[0m                  [90m│[39m [32mLaunching[0m                                                                                          [90m│[39m
[90m├─────────────────────────[39m[90m┼────────────────────────────────────────────────────────────────────────────────────────────────────┤[39m
[90m│[39m [36mCommand[0m                 [90m│[39m [37mbash -c polkadot build-spec --chain /var/folders/17/pvb5dmmj645bqr5gv8_f_6780000gn/T/[39m              [90m│[39m
[90m│[39m                         [90m│[39m [37mzombie-e294f67d22385b334c072cfac215931e_-68801-dahC78N2PsJ7/rococo-local-plain.json --disa[39m         [90m│[39m
[90m│[39m                         [90m│[39m [37mble-default-bootnode  --raw > /var/folders/17/pvb5dmmj645bqr5gv8_f_6780000gn/T/zombie-e294[39m         [90m│[39m
[90m│[39m                         [90m│[39m [37mf67d22385b334c072cfac215931e_-68801-dahC78N2PsJ7/rococo-local-raw.json[0m                             [90m│[39m
[90m└─────────────────────────[39m[90m┴────────────────────────────────────────────────────────────────────────────────────────────────────┘[39m
[90m┌────────────────────────────────────────[39m[90m┬────────────────────────────────────────────────────────────────────────────────┐[39m
[90m│[39m [36mPod[0m                                    [90m│[39m [32mtemp-3[0m                                                                         [90m│[39m
[90m├────────────────────────────────────────[39m[90m┼────────────────────────────────────────────────────────────────────────────────┤[39m
[90m│[39m [36mStatus[0m                                 [90m│[39m [32mReady[0m                                                                          [90m│[39m
[90m└────────────────────────────────────────[39m[90m┴────────────────────────────────────────────────────────────────────────────────┘[39m
[90m╔════════════════════════════════════════════════════════════════════════════════════════════════════════════════════════╗[39m
[90m║[39m Chain name: [32mRococo Local Testnet[0m                                                                                       [90m║[39m
[90m╚════════════════════════════════════════════════════════════════════════════════════════════════════════════════════════╝[39m
[90m┌────────────────────────────────────────────────────────────────────────────────────────────────────────────────────────┐[39m
[90m│[39m [32mRococo Local Testnet[0m ⚙ Clear Boot Nodes                                                                                [90m│[39m
[90m└────────────────────────────────────────────────────────────────────────────────────────────────────────────────────────┘[39m
[90m┌─────────────────────────[39m[90m┬────────────────────────────────────────────────────────────────────────────────────────────────────┐[39m
[90m│[39m [36mPod[0m                     [90m│[39m [32malice[0m                                                                                              [90m│[39m
[90m├─────────────────────────[39m[90m┼────────────────────────────────────────────────────────────────────────────────────────────────────┤[39m
[90m│[39m [36mStatus[0m                  [90m│[39m [32mLaunching[0m                                                                                          [90m│[39m
[90m├─────────────────────────[39m[90m┼────────────────────────────────────────────────────────────────────────────────────────────────────┤[39m
[90m│[39m [36mCommand[0m                 [90m│[39m [37mpolkadot --chain /var/folders/17/pvb5dmmj645bqr5gv8_f_6780000gn/T/zombie-e294f67d2238[39m              [90m│[39m
[90m│[39m                         [90m│[39m [37m5b334c072cfac215931e_-68801-dahC78N2PsJ7/alice/cfg/rococo-local.json --name alice --rpc-co[39m         [90m│[39m
[90m│[39m                         [90m│[39m [37mrs all --unsafe-rpc-external --rpc-methods unsafe -lparachain=debug --no-mdns --node-key 2[39m         [90m│[39m
[90m│[39m                         [90m│[39m [37mbd806c97f0e00af1a1fc3328fa763a9269723c8db8fac4f93af71db186d6e90 --no-telemetry --prometheu[39m         [90m│[39m
[90m│[39m                         [90m│[39m [37ms-external --validator --insecure-validator-i-know-what-i-do --prometheus-port 60363 --rpc[39m         [90m│[39m
[90m│[39m                         [90m│[39m [37m-port 60362 --listen-addr /ip4/0.0.0.0/tcp/60360/ws --base-path /var/folders/17/pvb5dmmj64[39m         [90m│[39m
[90m│[39m                         [90m│[39m [37m5bqr5gv8_f_6780000gn/T/zombie-e294f67d22385b334c072cfac215931e_-68801-dahC78N2PsJ7/alice/d[39m         [90m│[39m
[90m│[39m                         [90m│[39m [37mata[0m                                                                                                [90m│[39m
[90m└─────────────────────────[39m[90m┴────────────────────────────────────────────────────────────────────────────────────────────────────┘[39m
[90m┌────────────────────────────────────────[39m[90m┬────────────────────────────────────────────────────────────────────────────────┐[39m
[90m│[39m [36mPod[0m                                    [90m│[39m [32malice[0m                                                                          [90m│[39m
[90m├────────────────────────────────────────[39m[90m┼────────────────────────────────────────────────────────────────────────────────┤[39m
[90m│[39m [36mStatus[0m                                 [90m│[39m [32mReady[0m                                                                          [90m│[39m
[90m└────────────────────────────────────────[39m[90m┴────────────────────────────────────────────────────────────────────────────────┘[39m
[90m╔════════════════════[39m[90m╤════════════════════════════════════════════════════════════════════════════════════════════════════╗[39m
[90m║[39m Pod                [90m│[39m [32malice[0m                                                                                              [90m║[39m
[90m╟────────────────────[39m[90m┼────────────────────────────────────────────────────────────────────────────────────────────────────╢[39m
[90m║[39m Status             [90m│[39m [32mRunning[0m                                                                                            [90m║[39m
[90m╟────────────────────╧────────────────────────────────────────────────────────────────────────────────────────────────────╢[39m
[90m║[39m [35mYou can follow the logs of the node by running this command: [0m                                                           [90m║[39m
[90m╚═════════════════════════════════════════════════════════════════════════════════════════════════════════════════════════╝[39m
tail -f  /var/folders/17/pvb5dmmj645bqr5gv8_f_6780000gn/T/zombie-e294f67d22385b334c072cfac215931e_-68801-dahC78N2PsJ7/alice.log


[90m┌────────────────────────────────────────────────────────────────────────────────────────────────────────────────────────┐[39m
[90m│[39m [32mRococo Local Testnet[0m ⚙ Added Boot Nodes                                                                                [90m│[39m
[90m├────────────────────────────────────────────────────────────────────────────────────────────────────────────────────────┤[39m
[90m│[39m /ip4/127.0.0.1/tcp/60360/ws/p2p/12D3KooWQCkBm1BYtkHpocxCwMgR8yjitEeHGx8spzcDLGt2gkBm                                   [90m│[39m
[90m└────────────────────────────────────────────────────────────────────────────────────────────────────────────────────────┘[39m
[90m┌─────────────────────────[39m[90m┬────────────────────────────────────────────────────────────────────────────────────────────────────┐[39m
[90m│[39m [36mPod[0m                     [90m│[39m [32mbob[0m                                                                                                [90m│[39m
[90m├─────────────────────────[39m[90m┼────────────────────────────────────────────────────────────────────────────────────────────────────┤[39m
[90m│[39m [36mStatus[0m                  [90m│[39m [32mLaunching[0m                                                                                          [90m│[39m
[90m├─────────────────────────[39m[90m┼────────────────────────────────────────────────────────────────────────────────────────────────────┤[39m
[90m│[39m [36mCommand[0m                 [90m│[39m [37mpolkadot --chain /var/folders/17/pvb5dmmj645bqr5gv8_f_6780000gn/T/zombie-e294f67d2238[39m              [90m│[39m
[90m│[39m                         [90m│[39m [37m5b334c072cfac215931e_-68801-dahC78N2PsJ7/bob/cfg/rococo-local.json --name bob --rpc-cors a[39m         [90m│[39m
[90m│[39m                         [90m│[39m [37mll --unsafe-rpc-external --rpc-methods unsafe -lparachain=debug --no-mdns --node-key 81b63[39m         [90m│[39m
[90m│[39m                         [90m│[39m [37m7d8fcd2c6da6359e6963113a1170de795e4b725b84d1e0b4cfd9ec58ce9 --no-telemetry --prometheus-ex[39m         [90m│[39m
[90m│[39m                         [90m│[39m [37mternal --validator --insecure-validator-i-know-what-i-do --bootnodes /ip4/127.0.0.1/tcp/60[39m         [90m│[39m
[90m│[39m                         [90m│[39m [37m360/ws/p2p/12D3KooWQCkBm1BYtkHpocxCwMgR8yjitEeHGx8spzcDLGt2gkBm --prometheus-port 60367 --[39m         [90m│[39m
[90m│[39m                         [90m│[39m [37mrpc-port 60366 --listen-addr /ip4/0.0.0.0/tcp/60364/ws --base-path /var/folders/17/pvb5dmm[39m         [90m│[39m
[90m│[39m                         [90m│[39m [37mj645bqr5gv8_f_6780000gn/T/zombie-e294f67d22385b334c072cfac215931e_-68801-dahC78N2PsJ7/bob/[39m         [90m│[39m
[90m│[39m                         [90m│[39m [37mdata[0m                                                                                               [90m│[39m
[90m└─────────────────────────[39m[90m┴────────────────────────────────────────────────────────────────────────────────────────────────────┘[39m
[90m┌────────────────────────────────────────[39m[90m┬────────────────────────────────────────────────────────────────────────────────┐[39m
[90m│[39m [36mPod[0m                                    [90m│[39m [32mbob[0m                                                                            [90m│[39m
[90m├────────────────────────────────────────[39m[90m┼────────────────────────────────────────────────────────────────────────────────┤[39m
[90m│[39m [36mStatus[0m                                 [90m│[39m [32mReady[0m                                                                          [90m│[39m
[90m└────────────────────────────────────────[39m[90m┴────────────────────────────────────────────────────────────────────────────────┘[39m
[90m╔════════════════════[39m[90m╤════════════════════════════════════════════════════════════════════════════════════════════════════╗[39m
[90m║[39m Pod                [90m│[39m [32mbob[0m                                                                                                [90m║[39m
[90m╟────────────────────[39m[90m┼────────────────────────────────────────────────────────────────────────────────────────────────────╢[39m
[90m║[39m Status             [90m│[39m [32mRunning[0m                                                                                            [90m║[39m
[90m╟────────────────────╧────────────────────────────────────────────────────────────────────────────────────────────────────╢[39m
[90m║[39m [35mYou can follow the logs of the node by running this command: [0m                                                           [90m║[39m
[90m╚═════════════════════════════════════════════════════════════════════════════════════════════════════════════════════════╝[39m
tail -f  /var/folders/17/pvb5dmmj645bqr5gv8_f_6780000gn/T/zombie-e294f67d22385b334c072cfac215931e_-68801-dahC78N2PsJ7/bob.log


[90m╔════════════════════════════════════════════════════════════════════════════════════════════════════════════════════════╗[39m
[90m║[39m [32mAll relay chain nodes spawned...[0m                                                                                       [90m║[39m
[90m╚════════════════════════════════════════════════════════════════════════════════════════════════════════════════════════╝[39m
[90m┌─────────────────────────[39m[90m┬────────────────────────────────────────────────────────────────────────────────────────────────────┐[39m
[90m│[39m [36mPod[0m                     [90m│[39m [32mcollator01[0m                                                                                         [90m│[39m
[90m├─────────────────────────[39m[90m┼────────────────────────────────────────────────────────────────────────────────────────────────────┤[39m
[90m│[39m [36mStatus[0m                  [90m│[39m [32mLaunching[0m                                                                                          [90m│[39m
[90m├─────────────────────────[39m[90m┼────────────────────────────────────────────────────────────────────────────────────────────────────┤[39m
[90m│[39m [36mCommand[0m                 [90m│[39m [37mparachain-template-node --name collator01 --node-key 5e123980fad4770d9ab5b7df7bbee849[39m              [90m│[39m
[90m│[39m                         [90m│[39m [37m9943822a8555d11995e8203210065342 --chain /var/folders/17/pvb5dmmj645bqr5gv8_f_6780000gn/T/[39m         [90m│[39m
[90m│[39m                         [90m│[39m [37mzombie-e294f67d22385b334c072cfac215931e_-68801-dahC78N2PsJ7/collator01/cfg/rococo-local-10[39m         [90m│[39m
[90m│[39m                         [90m│[39m [37m00.json --base-path /var/folders/17/pvb5dmmj645bqr5gv8_f_6780000gn/T/zombie-e294f67d22385b[39m         [90m│[39m
[90m│[39m                         [90m│[39m [37m334c072cfac215931e_-68801-dahC78N2PsJ7/collator01/data --listen-addr /ip4/0.0.0.0/tcp/6036[39m         [90m│[39m
[90m│[39m                         [90m│[39m [37m8/ws --prometheus-external --rpc-cors all --unsafe-rpc-external --rpc-methods unsafe --pro[39m         [90m│[39m
[90m│[39m                         [90m│[39m [37mmetheus-port 60371 --rpc-port 60370 --collator -lparachain=debug -- --base-path /var/folde[39m         [90m│[39m
[90m│[39m                         [90m│[39m [37mrs/17/pvb5dmmj645bqr5gv8_f_6780000gn/T/zombie-e294f67d22385b334c072cfac215931e_-68801-dahC[39m         [90m│[39m
[90m│[39m                         [90m│[39m [37m78N2PsJ7/collator01/relay-data --chain /var/folders/17/pvb5dmmj645bqr5gv8_f_6780000gn/T/zo[39m         [90m│[39m
[90m│[39m                         [90m│[39m [37mmbie-e294f67d22385b334c072cfac215931e_-68801-dahC78N2PsJ7/collator01/cfg/rococo-local.json[39m         [90m│[39m
[90m│[39m                         [90m│[39m [37m --execution wasm --port 60508 --rpc-port 60509 --prometheus-port 60510[0m                            [90m│[39m
[90m└─────────────────────────[39m[90m┴────────────────────────────────────────────────────────────────────────────────────────────────────┘[39m
[90m┌────────────────────────────────────────[39m[90m┬────────────────────────────────────────────────────────────────────────────────┐[39m
[90m│[39m [36mPod[0m                                    [90m│[39m [32mcollator01[0m                                                                     [90m│[39m
[90m├────────────────────────────────────────[39m[90m┼────────────────────────────────────────────────────────────────────────────────┤[39m
[90m│[39m [36mStatus[0m                                 [90m│[39m [32mReady[0m                                                                          [90m│[39m
[90m└────────────────────────────────────────[39m[90m┴────────────────────────────────────────────────────────────────────────────────┘[39m
[90m╔════════════════════[39m[90m╤════════════════════════════════════════════════════════════════════════════════════════════════════╗[39m
[90m║[39m Pod                [90m│[39m [32mcollator01[0m                                                                                         [90m║[39m
[90m╟────────────────────[39m[90m┼────────────────────────────────────────────────────────────────────────────────────────────────────╢[39m
[90m║[39m Status             [90m│[39m [32mRunning[0m                                                                                            [90m║[39m
[90m╟────────────────────╧────────────────────────────────────────────────────────────────────────────────────────────────────╢[39m
[90m║[39m [35mYou can follow the logs of the node by running this command: [0m                                                           [90m║[39m
[90m╚═════════════════════════════════════════════════════════════════════════════════════════════════════════════════════════╝[39m
tail -f  /var/folders/17/pvb5dmmj645bqr5gv8_f_6780000gn/T/zombie-e294f67d22385b334c072cfac215931e_-68801-dahC78N2PsJ7/collator01.log


[90m┌────────────────────────────────────────────────────────────────────────────────────────────────────────────────────────┐[39m
[90m│[39m [32mLocal Testnet[0m ⚙ Added Boot Nodes                                                                                       [90m│[39m
[90m├────────────────────────────────────────────────────────────────────────────────────────────────────────────────────────┤[39m
[90m│[39m /ip4/127.0.0.1/tcp/60368/ws/p2p/12D3KooWAieokPB4zt3dJJokhVZw8KoQuTgXEEyempJtr6pGkhrd                                   [90m│[39m
[90m└────────────────────────────────────────────────────────────────────────────────────────────────────────────────────────┘[39m

[31mError[0m 	 [1mfetching metrics from: http://127.0.0.1:60371/metrics [0m

[31mError[0m 	 [1mfetching metrics from: http://127.0.0.1:60371/metrics [0m
[90m┌───────────────────────────────────────────────────────────────────────────────────────────────────────────────────────────────────┐[39m
[90m│[39m[31m                                                       [32mNetwork launched 🚀🚀[0m                                                       [39m[90m│[39m
[90m├──────────────────────────────[39m[90m┬────────────────────────────────────────────────────────────────────────────────────────────────────┤[39m
[90m│[39m Namespace                    [90m│[39m zombie-e294f67d22385b334c072cfac215931e                                                            [90m│[39m
[90m├──────────────────────────────[39m[90m┼────────────────────────────────────────────────────────────────────────────────────────────────────┤[39m
[90m│[39m Provider                     [90m│[39m native                                                                                             [90m│[39m
[90m├──────────────────────────────┴────────────────────────────────────────────────────────────────────────────────────────────────────┤[39m
[90m│[39m                                                         Node Information                                                          [90m│[39m
[90m├──────────────────────────────[39m[90m┬────────────────────────────────────────────────────────────────────────────────────────────────────┤[39m
[90m│[39m [36mName[0m                         [90m│[39m [32malice[0m                                                                                              [90m│[39m
[90m├──────────────────────────────[39m[90m┼────────────────────────────────────────────────────────────────────────────────────────────────────┤[39m
[90m│[39m [36mDirect Link (pjs)[0m            [90m│[39m https://polkadot.js.org/apps/?rpc=ws://127.0.0.1:60362#/explorer                                   [90m│[39m
[90m├──────────────────────────────[39m[90m┼────────────────────────────────────────────────────────────────────────────────────────────────────┤[39m
[90m│[39m [36mDirect Link (papi)[0m           [90m│[39m https://dev.papi.how/explorer#networkId=custom&endpoint=ws://127.0.0.1:60362                       [90m│[39m
[90m├──────────────────────────────[39m[90m┼────────────────────────────────────────────────────────────────────────────────────────────────────┤[39m
[90m│[39m [36mPrometheus Link[0m              [90m│[39m http://127.0.0.1:60363/metrics                                                                     [90m│[39m
[90m├──────────────────────────────[39m[90m┼────────────────────────────────────────────────────────────────────────────────────────────────────┤[39m
[90m│[39m [36mLog Cmd[0m                      [90m│[39m tail -f                                                                                            [90m│[39m
[90m│[39m                              [90m│[39m /var/folders/17/pvb5dmmj645bqr5gv8_f_6780000gn/T/zombie-e294f67d22385b334c072cfac215931e_-68801-d… [90m│[39m
[90m├──────────────────────────────┴────────────────────────────────────────────────────────────────────────────────────────────────────┤[39m
[90m│[39m                                                         Node Information                                                          [90m│[39m
[90m├──────────────────────────────[39m[90m┬────────────────────────────────────────────────────────────────────────────────────────────────────┤[39m
[90m│[39m [36mName[0m                         [90m│[39m [32mbob[0m                                                                                                [90m│[39m
[90m├──────────────────────────────[39m[90m┼────────────────────────────────────────────────────────────────────────────────────────────────────┤[39m
[90m│[39m [36mDirect Link (pjs)[0m            [90m│[39m https://polkadot.js.org/apps/?rpc=ws://127.0.0.1:60366#/explorer                                   [90m│[39m
[90m├──────────────────────────────[39m[90m┼────────────────────────────────────────────────────────────────────────────────────────────────────┤[39m
[90m│[39m [36mDirect Link (papi)[0m           [90m│[39m https://dev.papi.how/explorer#networkId=custom&endpoint=ws://127.0.0.1:60366                       [90m│[39m
[90m├──────────────────────────────[39m[90m┼────────────────────────────────────────────────────────────────────────────────────────────────────┤[39m
[90m│[39m [36mPrometheus Link[0m              [90m│[39m http://127.0.0.1:60367/metrics                                                                     [90m│[39m
[90m├──────────────────────────────[39m[90m┼────────────────────────────────────────────────────────────────────────────────────────────────────┤[39m
[90m│[39m [36mLog Cmd[0m                      [90m│[39m tail -f                                                                                            [90m│[39m
[90m│[39m                              [90m│[39m /var/folders/17/pvb5dmmj645bqr5gv8_f_6780000gn/T/zombie-e294f67d22385b334c072cfac215931e_-68801-d… [90m│[39m
[90m├──────────────────────────────┴────────────────────────────────────────────────────────────────────────────────────────────────────┤[39m
[90m│[39m                                                         Node Information                                                          [90m│[39m
[90m├──────────────────────────────[39m[90m┬────────────────────────────────────────────────────────────────────────────────────────────────────┤[39m
[90m│[39m [36mName[0m                         [90m│[39m [32mcollator01[0m                                                                                         [90m│[39m
[90m├──────────────────────────────[39m[90m┼────────────────────────────────────────────────────────────────────────────────────────────────────┤[39m
[90m│[39m [36mDirect Link (pjs)[0m            [90m│[39m https://polkadot.js.org/apps/?rpc=ws://127.0.0.1:60370#/explorer                                   [90m│[39m
[90m├──────────────────────────────[39m[90m┼────────────────────────────────────────────────────────────────────────────────────────────────────┤[39m
[90m│[39m [36mDirect Link (papi)[0m           [90m│[39m https://dev.papi.how/explorer#networkId=custom&endpoint=ws://127.0.0.1:60370                       [90m│[39m
[90m├──────────────────────────────[39m[90m┼────────────────────────────────────────────────────────────────────────────────────────────────────┤[39m
[90m│[39m [36mPrometheus Link[0m              [90m│[39m http://127.0.0.1:60371/metrics                                                                     [90m│[39m
[90m├──────────────────────────────[39m[90m┼────────────────────────────────────────────────────────────────────────────────────────────────────┤[39m
[90m│[39m [36mLog Cmd[0m                      [90m│[39m tail -f                                                                                            [90m│[39m
[90m│[39m                              [90m│[39m /var/folders/17/pvb5dmmj645bqr5gv8_f_6780000gn/T/zombie-e294f67d22385b334c072cfac215931e_-68801-d… [90m│[39m
[90m├──────────────────────────────[39m[90m┼────────────────────────────────────────────────────────────────────────────────────────────────────┤[39m
[90m│[39m [36mParachain ID[0m                 [90m│[39m 1000                                                                                               [90m│[39m
[90m├──────────────────────────────[39m[90m┼────────────────────────────────────────────────────────────────────────────────────────────────────┤[39m
[90m│[39m [36mChainSpec Path[0m               [90m│[39m /var/folders/17/pvb5dmmj645bqr5gv8_f_6780000gn/T/zombie-e294f67d22385b334c072cfac215931e_-68801-d… [90m│[39m
[90m└──────────────────────────────[39m[90m┴────────────────────────────────────────────────────────────────────────────────────────────────────┘[39m
[90m┌────────────────────[39m[90m┬────────────────────────────────────────────────────────────────────────────────────────────────────┐[39m
[90m│[39m [32mNode'[39m              [90m│[39m [35m/var/folders/17/pvb5dmmj645bqr5gv8_f_6780000gn/T/zombie-e294f67d22385b334c072cfac215931e_-68801-d[39m… [90m│[39m
[90m│[39m [32ms logs:[0[39m            [90m│[39m                                                                                                    [90m│[39m
[90m│[39m [32mm[39m                  [90m│[39m                                                                                                    [90m│[39m
[90m└────────────────────[39m[90m┴────────────────────────────────────────────────────────────────────────────────────────────────────┘[39m
[34mTearing down network...[0m
                                                 [90m│[39m
[90m└────────────────────[39m[90m┴────────────────────────────────────────────────────────────────────────────────────────────────────┘[39m
[34mTearing down network...[0m

[31mUnhandledRejection: [0m 	 [1mError: Command failed with exit code 1: bash -c kill -9 68227 68474 68671
bash: line 0: kill: (68227) - No such process
bash: line 0: kill: (68474) - No such process
bash: line 0: kill: (68671) - No such process[0m

